#
# There is insufficient memory for the Java Runtime Environment to continue.
# Native memory allocation (malloc) failed to allocate 181120 bytes for Chunk::new
# Possible reasons:
#   The system is out of physical RAM or swap space
#   The process is running with CompressedOops enabled, and the Java Heap may be blocking the growth of the native heap
# Possible solutions:
#   Reduce memory load on the system
#   Increase physical memory or swap space
#   Check if swap backing store is full
#   Decrease Java heap size (-Xmx/-Xms)
#   Decrease number of Java threads
#   Decrease Java thread stack sizes (-Xss)
#   Set larger code cache with -XX:ReservedCodeCacheSize=
#   JVM is running with Unscaled Compressed Oops mode in which the Java heap is
#     placed in the first 4GB address space. The Java Heap base address is the
#     maximum limit for the native heap growth. Please use -XX:HeapBaseMinAddress
#     to set the Java Heap base and to place the Java Heap above 4GB virtual address.
# This output file may be truncated or incomplete.
#
#  Out of Memory Error (arena.cpp:191), pid=22492, tid=17544
#
# JRE version: OpenJDK Runtime Environment Temurin-17.0.10+7 (17.0.10+7) (build 17.0.10+7)
# Java VM: OpenJDK 64-Bit Server VM Temurin-17.0.10+7 (17.0.10+7, mixed mode, tiered, compressed oops, compressed class ptrs, parallel gc, windows-amd64)
# No core dump will be written. Minidumps are not enabled by default on client versions of Windows
#

---------------  S U M M A R Y ------------

Command Line: --add-modules=ALL-SYSTEM --add-opens=java.base/java.util=ALL-UNNAMED --add-opens=java.base/java.lang=ALL-UNNAMED --add-opens=java.base/sun.nio.fs=ALL-UNNAMED -Declipse.application=org.eclipse.jdt.ls.core.id1 -Dosgi.bundles.defaultStartLevel=4 -Declipse.product=org.eclipse.jdt.ls.core.product -Djava.import.generatesMetadataFilesAtProjectRoot=false -DDetectVMInstallationsJob.disabled=true -Dfile.encoding=utf8 -XX:+UseParallelGC -XX:GCTimeRatio=4 -XX:AdaptiveSizePolicyWeight=90 -Dsun.zip.disableMemoryMapping=true -Xmx1G -Xms100m -Xlog:disable -javaagent:c:\Users\rhyth\.vscode\extensions\redhat.java-1.28.1-win32-x64\lombok\lombok-1.18.31.jar -XX:+HeapDumpOnOutOfMemoryError -XX:HeapDumpPath=c:\Users\rhyth\AppData\Roaming\Code\User\workspaceStorage\dd2a492412ff0276240358daae675832\redhat.java -Daether.dependencyCollector.impl=bf c:\Users\rhyth\.vscode\extensions\redhat.java-1.28.1-win32-x64\server\plugins\org.eclipse.equinox.launcher_1.6.700.v20231214-2017.jar -configuration c:\Users\rhyth\AppData\Roaming\Code\User\globalStorage\redhat.java\1.28.1\config_win -data c:\Users\rhyth\AppData\Roaming\Code\User\workspaceStorage\dd2a492412ff0276240358daae675832\redhat.java\jdt_ws --stdio

Host: 11th Gen Intel(R) Core(TM) i5-1135G7 @ 2.40GHz, 8 cores, 7G,  Windows 11 , 64 bit Build 22621 (10.0.22621.3085)
Time: Fri Feb 23 15:36:29 2024 India Standard Time elapsed time: 2.307254 seconds (0d 0h 0m 2s)

---------------  T H R E A D  ---------------

Current thread (0x0000015ebf5f58a0):  JavaThread "C2 CompilerThread0" daemon [_thread_in_native, id=17544, stack(0x0000003451300000,0x0000003451400000)]


Current CompileTask:
C2:   2307 1406       4       sun.security.provider.SHA5::implCompress0 (346 bytes)

Stack: [0x0000003451300000,0x0000003451400000]
Native frames: (J=compiled Java code, j=interpreted, Vv=VM code, C=native code)
V  [jvm.dll+0x67d2c9]
V  [jvm.dll+0x834afa]
V  [jvm.dll+0x8365be]
V  [jvm.dll+0x836c23]
V  [jvm.dll+0x2477ff]
V  [jvm.dll+0xac514]
V  [jvm.dll+0xacb5c]
V  [jvm.dll+0x3667d7]
V  [jvm.dll+0x330bfa]
V  [jvm.dll+0x33009a]
V  [jvm.dll+0x219ef1]
V  [jvm.dll+0x219311]
V  [jvm.dll+0x1a502d]
V  [jvm.dll+0x2290de]
V  [jvm.dll+0x2272ac]
V  [jvm.dll+0x7e9bb7]
V  [jvm.dll+0x7e3fba]
V  [jvm.dll+0x67c1b5]
C  [ucrtbase.dll+0x29363]
C  [KERNEL32.DLL+0x1257d]
C  [ntdll.dll+0x5aa58]


---------------  P R O C E S S  ---------------

Threads class SMR info:
_java_thread_list=0x0000015ec0ac2650, length=13, elements={
0x0000015ea66b0920, 0x0000015ebf5d6030, 0x0000015ebf5d6a00, 0x0000015eba52a980,
0x0000015eba52b450, 0x0000015eba52bf20, 0x0000015ebf5f2f10, 0x0000015ebf5f58a0,
0x0000015ebf66d010, 0x0000015ebf66fce0, 0x0000015ebf723390, 0x0000015ebf925870,
0x0000015ec0a42b30
}

Java Threads: ( => current thread )
  0x0000015ea66b0920 JavaThread "main" [_thread_in_Java, id=26248, stack(0x0000003450a00000,0x0000003450b00000)]
  0x0000015ebf5d6030 JavaThread "Reference Handler" daemon [_thread_blocked, id=31428, stack(0x0000003450d00000,0x0000003450e00000)]
  0x0000015ebf5d6a00 JavaThread "Finalizer" daemon [_thread_blocked, id=26020, stack(0x0000003450e00000,0x0000003450f00000)]
  0x0000015eba52a980 JavaThread "Signal Dispatcher" daemon [_thread_blocked, id=17796, stack(0x0000003450f00000,0x0000003451000000)]
  0x0000015eba52b450 JavaThread "Attach Listener" daemon [_thread_blocked, id=5096, stack(0x0000003451000000,0x0000003451100000)]
  0x0000015eba52bf20 JavaThread "Service Thread" daemon [_thread_blocked, id=25432, stack(0x0000003451100000,0x0000003451200000)]
  0x0000015ebf5f2f10 JavaThread "Monitor Deflation Thread" daemon [_thread_blocked, id=18024, stack(0x0000003451200000,0x0000003451300000)]
=>0x0000015ebf5f58a0 JavaThread "C2 CompilerThread0" daemon [_thread_in_native, id=17544, stack(0x0000003451300000,0x0000003451400000)]
  0x0000015ebf66d010 JavaThread "C1 CompilerThread0" daemon [_thread_blocked, id=23100, stack(0x0000003451400000,0x0000003451500000)]
  0x0000015ebf66fce0 JavaThread "Sweeper thread" daemon [_thread_blocked, id=12076, stack(0x0000003451500000,0x0000003451600000)]
  0x0000015ebf723390 JavaThread "Common-Cleaner" daemon [_thread_blocked, id=23404, stack(0x0000003451600000,0x0000003451700000)]
  0x0000015ebf925870 JavaThread "Notification Thread" daemon [_thread_blocked, id=27708, stack(0x0000003451700000,0x0000003451800000)]
  0x0000015ec0a42b30 JavaThread "Active Thread: Equinox Container: f50b1fbd-a8b0-44e3-b75f-a2b19df3ac8c" [_thread_blocked, id=11976, stack(0x0000003451f00000,0x0000003452000000)]

Other Threads:
  0x0000015ebf5c18b0 VMThread "VM Thread" [stack: 0x0000003450c00000,0x0000003450d00000] [id=3328]
  0x0000015ebf9264f0 WatcherThread [stack: 0x0000003451800000,0x0000003451900000] [id=29324]
  0x0000015ea66c74a0 GCTaskThread "GC Thread#0" [stack: 0x0000003450b00000,0x0000003450c00000] [id=7932]
  0x0000015ebf92f120 GCTaskThread "GC Thread#1" [stack: 0x0000003451900000,0x0000003451a00000] [id=28116]
  0x0000015ebf92fb80 GCTaskThread "GC Thread#2" [stack: 0x0000003451a00000,0x0000003451b00000] [id=2568]
  0x0000015ebf92fe40 GCTaskThread "GC Thread#3" [stack: 0x0000003451b00000,0x0000003451c00000] [id=28200]
  0x0000015ec0a53e60 GCTaskThread "GC Thread#4" [stack: 0x0000003451c00000,0x0000003451d00000] [id=1512]
  0x0000015ec0a54120 GCTaskThread "GC Thread#5" [stack: 0x0000003451d00000,0x0000003451e00000] [id=2112]
  0x0000015ec0a543e0 GCTaskThread "GC Thread#6" [stack: 0x0000003451e00000,0x0000003451f00000] [id=8]

Threads with active compile tasks:
C2 CompilerThread0     2324 1406       4       sun.security.provider.SHA5::implCompress0 (346 bytes)

VM state: not at safepoint (normal execution)

VM Mutex/Monitor currently owned by a thread: None

Heap address: 0x00000000c0000000, size: 1024 MB, Compressed Oops mode: 32-bit

CDS archive(s) not mapped
Compressed class space mapped at: 0x0000000100000000-0x0000000140000000, reserved size: 1073741824
Narrow klass base: 0x0000000000000000, Narrow klass shift: 3, Narrow klass range: 0x140000000

GC Precious Log:
 CPUs: 8 total, 8 available
 Memory: 7914M
 Large Page Support: Disabled
 NUMA Support: Disabled
 Compressed Oops: Enabled (32-bit)
 Alignments: Space 512K, Generation 512K, Heap 2M
 Heap Min Capacity: 100M
 Heap Initial Capacity: 100M
 Heap Max Capacity: 1G
 Pre-touch: Disabled
 Parallel Workers: 8

Heap:
 PSYoungGen      total 29696K, used 22991K [0x00000000eab00000, 0x00000000ecc00000, 0x0000000100000000)
  eden space 25600K, 77% used [0x00000000eab00000,0x00000000ebe528e8,0x00000000ec400000)
  from space 4096K, 78% used [0x00000000ec400000,0x00000000ec721710,0x00000000ec800000)
  to   space 4096K, 0% used [0x00000000ec800000,0x00000000ec800000,0x00000000ecc00000)
 ParOldGen       total 68608K, used 8K [0x00000000c0000000, 0x00000000c4300000, 0x00000000eab00000)
  object space 68608K, 0% used [0x00000000c0000000,0x00000000c0002000,0x00000000c4300000)
 Metaspace       used 13666K, committed 13888K, reserved 1114112K
  class space    used 1349K, committed 1472K, reserved 1048576K

Card table byte_map: [0x0000015ea6030000,0x0000015ea6240000] _byte_map_base: 0x0000015ea5a30000

Marking Bits: (ParMarkBitMap*) 0x00007ff96fced7d0
 Begin Bits: [0x0000015eb8330000, 0x0000015eb9330000)
 End Bits:   [0x0000015eb9330000, 0x0000015eba330000)

Polling page: 0x0000015ea4420000

Metaspace:

Usage:
  Non-class:     12.03 MB used.
      Class:      1.32 MB used.
       Both:     13.35 MB used.

Virtual space:
  Non-class space:       64.00 MB reserved,      12.12 MB ( 19%) committed,  1 nodes.
      Class space:        1.00 GB reserved,       1.44 MB ( <1%) committed,  1 nodes.
             Both:        1.06 GB reserved,      13.56 MB (  1%) committed. 

Chunk freelists:
   Non-Class:  3.38 MB
       Class:  14.48 MB
        Both:  17.86 MB

MaxMetaspaceSize: unlimited
CompressedClassSpaceSize: 1.00 GB
Initial GC threshold: 21.00 MB
Current GC threshold: 21.00 MB
CDS: off
MetaspaceReclaimPolicy: balanced
 - commit_granule_bytes: 65536.
 - commit_granule_words: 8192.
 - virtual_space_node_default_size: 8388608.
 - enlarge_chunks_in_place: 1.
 - new_chunks_are_fully_committed: 0.
 - uncommit_free_chunks: 1.
 - use_allocation_guard: 0.
 - handle_deallocations: 1.


Internal statistics:

num_allocs_failed_limit: 0.
num_arena_births: 54.
num_arena_deaths: 0.
num_vsnodes_births: 2.
num_vsnodes_deaths: 0.
num_space_committed: 217.
num_space_uncommitted: 0.
num_chunks_returned_to_freelist: 0.
num_chunks_taken_from_freelist: 217.
num_chunk_merges: 0.
num_chunk_splits: 145.
num_chunks_enlarged: 119.
num_inconsistent_stats: 0.

CodeHeap 'non-profiled nmethods': size=120000Kb used=577Kb max_used=577Kb free=119422Kb
 bounds [0x0000015eb0e00000, 0x0000015eb1070000, 0x0000015eb8330000]
CodeHeap 'profiled nmethods': size=120000Kb used=2559Kb max_used=2559Kb free=117441Kb
 bounds [0x0000015ea9330000, 0x0000015ea95b0000, 0x0000015eb0860000]
CodeHeap 'non-nmethods': size=5760Kb used=1171Kb max_used=1186Kb free=4588Kb
 bounds [0x0000015eb0860000, 0x0000015eb0ad0000, 0x0000015eb0e00000]
 total_blobs=1868 nmethods=1418 adapters=364
 compilation: enabled
              stopped_count=0, restarted_count=0
 full_count=0

Compilation events (20 events):
Event: 2.281 Thread 0x0000015ebf66d010 1412       3       java.security.MessageDigest$Delegate::<init> (12 bytes)
Event: 2.281 Thread 0x0000015ebf66d010 nmethod 1412 0x0000015ea95a5890 code [0x0000015ea95a5a40, 0x0000015ea95a5cb8]
Event: 2.281 Thread 0x0000015ebf66d010 1413       3       java.security.MessageDigest::<init> (20 bytes)
Event: 2.281 Thread 0x0000015ebf66d010 nmethod 1413 0x0000015ea95a5e10 code [0x0000015ea95a5fc0, 0x0000015ea95a61b8]
Event: 2.281 Thread 0x0000015ebf66d010 1414   !   3       sun.security.provider.DigestBase::engineDigest (39 bytes)
Event: 2.282 Thread 0x0000015ebf66d010 nmethod 1414 0x0000015ea95a6290 code [0x0000015ea95a6460, 0x0000015ea95a6868]
Event: 2.282 Thread 0x0000015ebf66d010 1415       3       sun.security.provider.DigestBase::engineDigest (112 bytes)
Event: 2.282 Thread 0x0000015ebf66d010 nmethod 1415 0x0000015ea95a6a10 code [0x0000015ea95a6ce0, 0x0000015ea95a7928]
Event: 2.292 Thread 0x0000015ebf66d010 1416   !   3       sun.security.util.ManifestEntryVerifier::setEntry (298 bytes)
Event: 2.295 Thread 0x0000015ebf66d010 nmethod 1416 0x0000015ea95a7d90 code [0x0000015ea95a8340, 0x0000015ea95ab3b8]
Event: 2.295 Thread 0x0000015ebf66d010 1417       3       java.security.AccessController::checkContext (49 bytes)
Event: 2.295 Thread 0x0000015ebf66d010 nmethod 1417 0x0000015ea95ac590 code [0x0000015ea95ac7a0, 0x0000015ea95ace58]
Event: 2.295 Thread 0x0000015ebf66d010 1418       3       java.util.concurrent.locks.AbstractQueuedSynchronizer::release (19 bytes)
Event: 2.296 Thread 0x0000015ebf66d010 nmethod 1418 0x0000015ea95ad090 code [0x0000015ea95ad280, 0x0000015ea95ad6e8]
Event: 2.302 Thread 0x0000015ebf66d010 1419       3       sun.net.www.protocol.jar.Handler::indexOfBangSlash (52 bytes)
Event: 2.303 Thread 0x0000015ebf66d010 nmethod 1419 0x0000015ea95ad890 code [0x0000015ea95adb00, 0x0000015ea95ae5f8]
Event: 2.303 Thread 0x0000015ebf66d010 1421  s    3       java.util.Hashtable::remove (133 bytes)
Event: 2.303 Thread 0x0000015ebf66d010 nmethod 1421 0x0000015ea95aea10 code [0x0000015ea95aec00, 0x0000015ea95af338]
Event: 2.303 Thread 0x0000015ebf66d010 1420       3       java.lang.String::encode (48 bytes)
Event: 2.304 Thread 0x0000015ebf66d010 nmethod 1420 0x0000015ea95af590 code [0x0000015ea95af780, 0x0000015ea95afad8]

GC Heap History (2 events):
Event: 1.677 GC heap before
{Heap before GC invocations=1 (full 0):
 PSYoungGen      total 29696K, used 25600K [0x00000000eab00000, 0x00000000ecc00000, 0x0000000100000000)
  eden space 25600K, 100% used [0x00000000eab00000,0x00000000ec400000,0x00000000ec400000)
  from space 4096K, 0% used [0x00000000ec800000,0x00000000ec800000,0x00000000ecc00000)
  to   space 4096K, 0% used [0x00000000ec400000,0x00000000ec400000,0x00000000ec800000)
 ParOldGen       total 68608K, used 0K [0x00000000c0000000, 0x00000000c4300000, 0x00000000eab00000)
  object space 68608K, 0% used [0x00000000c0000000,0x00000000c0000000,0x00000000c4300000)
 Metaspace       used 10985K, committed 11200K, reserved 1114112K
  class space    used 1096K, committed 1216K, reserved 1048576K
}
Event: 1.686 GC heap after
{Heap after GC invocations=1 (full 0):
 PSYoungGen      total 29696K, used 3205K [0x00000000eab00000, 0x00000000ecc00000, 0x0000000100000000)
  eden space 25600K, 0% used [0x00000000eab00000,0x00000000eab00000,0x00000000ec400000)
  from space 4096K, 78% used [0x00000000ec400000,0x00000000ec721710,0x00000000ec800000)
  to   space 4096K, 0% used [0x00000000ec800000,0x00000000ec800000,0x00000000ecc00000)
 ParOldGen       total 68608K, used 8K [0x00000000c0000000, 0x00000000c4300000, 0x00000000eab00000)
  object space 68608K, 0% used [0x00000000c0000000,0x00000000c0002000,0x00000000c4300000)
 Metaspace       used 10985K, committed 11200K, reserved 1114112K
  class space    used 1096K, committed 1216K, reserved 1048576K
}

Dll operation events (8 events):
Event: 0.139 Loaded shared library c:\Users\rhyth\.vscode\extensions\redhat.java-1.28.1-win32-x64\jre\17.0.10-win32-x86_64\bin\java.dll
Event: 0.576 Loaded shared library c:\Users\rhyth\.vscode\extensions\redhat.java-1.28.1-win32-x64\jre\17.0.10-win32-x86_64\bin\zip.dll
Event: 0.579 Loaded shared library C:\Users\rhyth\.vscode\extensions\redhat.java-1.28.1-win32-x64\jre\17.0.10-win32-x86_64\bin\instrument.dll
Event: 0.617 Loaded shared library C:\Users\rhyth\.vscode\extensions\redhat.java-1.28.1-win32-x64\jre\17.0.10-win32-x86_64\bin\net.dll
Event: 0.622 Loaded shared library C:\Users\rhyth\.vscode\extensions\redhat.java-1.28.1-win32-x64\jre\17.0.10-win32-x86_64\bin\nio.dll
Event: 0.632 Loaded shared library C:\Users\rhyth\.vscode\extensions\redhat.java-1.28.1-win32-x64\jre\17.0.10-win32-x86_64\bin\zip.dll
Event: 0.656 Loaded shared library C:\Users\rhyth\.vscode\extensions\redhat.java-1.28.1-win32-x64\jre\17.0.10-win32-x86_64\bin\jimage.dll
Event: 0.785 Loaded shared library c:\Users\rhyth\.vscode\extensions\redhat.java-1.28.1-win32-x64\jre\17.0.10-win32-x86_64\bin\verify.dll

Deoptimization events (20 events):
Event: 1.899 Thread 0x0000015ea66b0920 DEOPT PACKING pc=0x0000015eb0e2a91c sp=0x0000003450af7e00
Event: 1.899 Thread 0x0000015ea66b0920 DEOPT UNPACKING pc=0x0000015eb08b9ea3 sp=0x0000003450af7db0 mode 2
Event: 2.180 Thread 0x0000015ea66b0920 Uncommon trap: trap_request=0xffffffde fr.pc=0x0000015eb0e4d37c relative=0x00000000000009bc
Event: 2.180 Thread 0x0000015ea66b0920 Uncommon trap: reason=class_check action=maybe_recompile pc=0x0000015eb0e4d37c method=java.util.HashMap.putVal(ILjava/lang/Object;Ljava/lang/Object;ZZ)Ljava/lang/Object; @ 253 c2
Event: 2.180 Thread 0x0000015ea66b0920 DEOPT PACKING pc=0x0000015eb0e4d37c sp=0x0000003450afdc30
Event: 2.180 Thread 0x0000015ea66b0920 DEOPT UNPACKING pc=0x0000015eb08b9ea3 sp=0x0000003450afdbb0 mode 2
Event: 2.183 Thread 0x0000015ea66b0920 Uncommon trap: trap_request=0xffffffde fr.pc=0x0000015eb0e4d37c relative=0x00000000000009bc
Event: 2.183 Thread 0x0000015ea66b0920 Uncommon trap: reason=class_check action=maybe_recompile pc=0x0000015eb0e4d37c method=java.util.HashMap.putVal(ILjava/lang/Object;Ljava/lang/Object;ZZ)Ljava/lang/Object; @ 253 c2
Event: 2.183 Thread 0x0000015ea66b0920 DEOPT PACKING pc=0x0000015eb0e4d37c sp=0x0000003450afdc30
Event: 2.183 Thread 0x0000015ea66b0920 DEOPT UNPACKING pc=0x0000015eb08b9ea3 sp=0x0000003450afdbb0 mode 2
Event: 2.184 Thread 0x0000015ea66b0920 Uncommon trap: trap_request=0xffffffde fr.pc=0x0000015eb0e4d37c relative=0x00000000000009bc
Event: 2.184 Thread 0x0000015ea66b0920 Uncommon trap: reason=class_check action=maybe_recompile pc=0x0000015eb0e4d37c method=java.util.HashMap.putVal(ILjava/lang/Object;Ljava/lang/Object;ZZ)Ljava/lang/Object; @ 253 c2
Event: 2.184 Thread 0x0000015ea66b0920 DEOPT PACKING pc=0x0000015eb0e4d37c sp=0x0000003450afdb30
Event: 2.184 Thread 0x0000015ea66b0920 DEOPT UNPACKING pc=0x0000015eb08b9ea3 sp=0x0000003450afdab0 mode 2
Event: 2.186 Thread 0x0000015ea66b0920 Uncommon trap: trap_request=0xffffffde fr.pc=0x0000015eb0e4d37c relative=0x00000000000009bc
Event: 2.186 Thread 0x0000015ea66b0920 Uncommon trap: reason=class_check action=maybe_recompile pc=0x0000015eb0e4d37c method=java.util.HashMap.putVal(ILjava/lang/Object;Ljava/lang/Object;ZZ)Ljava/lang/Object; @ 253 c2
Event: 2.186 Thread 0x0000015ea66b0920 DEOPT PACKING pc=0x0000015eb0e4d37c sp=0x0000003450afdba0
Event: 2.186 Thread 0x0000015ea66b0920 DEOPT UNPACKING pc=0x0000015eb08b9ea3 sp=0x0000003450afdb20 mode 2
Event: 2.264 Thread 0x0000015ea66b0920 DEOPT PACKING pc=0x0000015ea944b289 sp=0x0000003450afc630
Event: 2.264 Thread 0x0000015ea66b0920 DEOPT UNPACKING pc=0x0000015eb08ba9e3 sp=0x0000003450afbab8 mode 0

Classes unloaded (0 events):
No events

Classes redefined (0 events):
No events

Internal exceptions (20 events):
Event: 1.319 Thread 0x0000015ea66b0920 Exception <a 'java/lang/ClassNotFoundException'{0x00000000eb84ac10}: sun/net/www/protocol/c/Handler> (0x00000000eb84ac10) 
thrown [s\src\hotspot\share\classfile\systemDictionary.cpp, line 256]
Event: 1.323 Thread 0x0000015ea66b0920 Exception <a 'java/io/FileNotFoundException'{0x00000000eb8663c8}> (0x00000000eb8663c8) 
thrown [s\src\hotspot\share\prims\jni.cpp, line 516]
Event: 1.324 Thread 0x0000015ea66b0920 Exception <a 'java/io/FileNotFoundException'{0x00000000eb8670d8}> (0x00000000eb8670d8) 
thrown [s\src\hotspot\share\prims\jni.cpp, line 516]
Event: 1.324 Thread 0x0000015ea66b0920 Exception <a 'java/io/FileNotFoundException'{0x00000000eb867dc8}> (0x00000000eb867dc8) 
thrown [s\src\hotspot\share\prims\jni.cpp, line 516]
Event: 1.324 Thread 0x0000015ea66b0920 Exception <a 'java/io/FileNotFoundException'{0x00000000eb868a88}> (0x00000000eb868a88) 
thrown [s\src\hotspot\share\prims\jni.cpp, line 516]
Event: 1.328 Thread 0x0000015ea66b0920 Implicit null exception at 0x0000015eb0e24f72 to 0x0000015eb0e254e8
Event: 1.328 Thread 0x0000015ea66b0920 Implicit null exception at 0x0000015eb0e26172 to 0x0000015eb0e266fc
Event: 1.331 Thread 0x0000015ea66b0920 Exception <a 'java/io/FileNotFoundException'{0x00000000eb8a3328}> (0x00000000eb8a3328) 
thrown [s\src\hotspot\share\prims\jni.cpp, line 516]
Event: 1.532 Thread 0x0000015ea66b0920 Exception <a 'java/lang/ClassNotFoundException'{0x00000000ec0aa028}: sun/net/www/protocol/c/Handler> (0x00000000ec0aa028) 
thrown [s\src\hotspot\share\classfile\systemDictionary.cpp, line 256]
Event: 1.532 Thread 0x0000015ea66b0920 Exception <a 'java/lang/ClassNotFoundException'{0x00000000ec0ab368}: sun/net/www/protocol/c/Handler> (0x00000000ec0ab368) 
thrown [s\src\hotspot\share\classfile\systemDictionary.cpp, line 256]
Event: 1.532 Thread 0x0000015ea66b0920 Exception <a 'java/lang/ClassNotFoundException'{0x00000000ec0ac4e0}: sun/net/www/protocol/c/Handler> (0x00000000ec0ac4e0) 
thrown [s\src\hotspot\share\classfile\systemDictionary.cpp, line 256]
Event: 1.539 Thread 0x0000015ea66b0920 Exception <a 'java/io/FileNotFoundException'{0x00000000ec0d3798}> (0x00000000ec0d3798) 
thrown [s\src\hotspot\share\prims\jni.cpp, line 516]
Event: 1.663 Thread 0x0000015ea66b0920 Exception <a 'java/lang/NoSuchMethodError'{0x00000000ec3a5b80}: 'int java.lang.invoke.DirectMethodHandle$Holder.invokeStaticInit(java.lang.Object, java.lang.Object, java.lang.Object, java.lang.Object)'> (0x00000000ec3a5b80) 
thrown [s\src\hotspot\share\interpreter\linkResolver.cpp, line 759]
Event: 1.666 Thread 0x0000015ea66b0920 Exception <a 'java/lang/NoSuchMethodError'{0x00000000ec3b01f0}: 'java.lang.Object java.lang.invoke.DirectMethodHandle$Holder.invokeInterface(java.lang.Object, java.lang.Object)'> (0x00000000ec3b01f0) 
thrown [s\src\hotspot\share\interpreter\linkResolver.cpp, line 759]
Event: 1.666 Thread 0x0000015ea66b0920 Exception <a 'java/lang/IncompatibleClassChangeError'{0x00000000ec3b39e8}: Found class java.lang.Object, but interface was expected> (0x00000000ec3b39e8) 
thrown [s\src\hotspot\share\interpreter\linkResolver.cpp, line 826]
Event: 1.667 Thread 0x0000015ea66b0920 Exception <a 'java/lang/NoSuchMethodError'{0x00000000ec3b7ed8}: 'void java.lang.invoke.DirectMethodHandle$Holder.invokeStatic(java.lang.Object, java.lang.Object)'> (0x00000000ec3b7ed8) 
thrown [s\src\hotspot\share\interpreter\linkResolver.cpp, line 759]
Event: 1.667 Thread 0x0000015ea66b0920 Exception <a 'java/lang/NoSuchMethodError'{0x00000000ec3bb6d8}: 'void java.lang.invoke.DirectMethodHandle$Holder.invokeStaticInit(java.lang.Object, java.lang.Object)'> (0x00000000ec3bb6d8) 
thrown [s\src\hotspot\share\interpreter\linkResolver.cpp, line 759]
Event: 1.669 Thread 0x0000015ea66b0920 Exception <a 'java/lang/NoSuchMethodError'{0x00000000ec3c2d48}: 'int java.lang.invoke.DirectMethodHandle$Holder.invokeStaticInit(java.lang.Object, java.lang.Object)'> (0x00000000ec3c2d48) 
thrown [s\src\hotspot\share\interpreter\linkResolver.cpp, line 759]
Event: 1.736 Thread 0x0000015ea66b0920 Exception <a 'java/lang/NoSuchMethodError'{0x00000000eac50ae8}: 'void java.lang.invoke.DirectMethodHandle$Holder.invokeSpecial(java.lang.Object, java.lang.Object, java.lang.Object)'> (0x00000000eac50ae8) 
thrown [s\src\hotspot\share\interpreter\linkResolver.cpp, line 759]
Event: 2.163 Thread 0x0000015ea66b0920 Exception <a 'java/lang/NoSuchMethodError'{0x00000000eba050c0}: 'java.lang.Object java.lang.invoke.DirectMethodHandle$Holder.newInvokeSpecial(java.lang.Object, int, java.lang.Object)'> (0x00000000eba050c0) 
thrown [s\src\hotspot\share\interpreter\linkResolver.cpp, line 759]

VM Operations (20 events):
Event: 0.555 Executing VM operation: HandshakeAllThreads
Event: 0.555 Executing VM operation: HandshakeAllThreads done
Event: 0.714 Executing VM operation: HandshakeAllThreads
Event: 0.714 Executing VM operation: HandshakeAllThreads done
Event: 1.288 Executing VM operation: HandshakeAllThreads
Event: 1.288 Executing VM operation: HandshakeAllThreads done
Event: 1.288 Executing VM operation: Cleanup
Event: 1.288 Executing VM operation: Cleanup done
Event: 1.312 Executing VM operation: HandshakeAllThreads
Event: 1.312 Executing VM operation: HandshakeAllThreads done
Event: 1.677 Executing VM operation: ParallelGCFailedAllocation
Event: 1.686 Executing VM operation: ParallelGCFailedAllocation done
Event: 2.130 Executing VM operation: HandshakeAllThreads
Event: 2.130 Executing VM operation: HandshakeAllThreads done
Event: 2.131 Executing VM operation: HandshakeAllThreads
Event: 2.132 Executing VM operation: HandshakeAllThreads done
Event: 2.140 Executing VM operation: HandshakeAllThreads
Event: 2.140 Executing VM operation: HandshakeAllThreads done
Event: 2.159 Executing VM operation: HandshakeAllThreads
Event: 2.159 Executing VM operation: HandshakeAllThreads done

Events (20 events):
Event: 2.140 loading class java/util/ArrayList$ListItr
Event: 2.140 loading class java/util/ArrayList$ListItr done
Event: 2.159 loading class java/util/LinkedList
Event: 2.159 loading class java/util/AbstractSequentialList
Event: 2.159 loading class java/util/AbstractSequentialList done
Event: 2.159 loading class java/util/LinkedList done
Event: 2.182 loading class java/util/ConcurrentModificationException
Event: 2.182 loading class java/util/ConcurrentModificationException done
Event: 2.189 loading class java/net/ContentHandlerFactory
Event: 2.191 loading class java/net/ContentHandlerFactory done
Event: 2.211 loading class java/net/ContentHandler
Event: 2.212 loading class java/net/ContentHandler done
Event: 2.251 loading class javax/xml/parsers/ParserConfigurationException
Event: 2.251 loading class javax/xml/parsers/ParserConfigurationException done
Event: 2.256 loading class java/security/KeyStoreException
Event: 2.256 loading class java/security/KeyStoreException done
Event: 2.295 loading class java/util/LinkedList$Node
Event: 2.295 loading class java/util/LinkedList$Node done
Event: 2.295 loading class java/util/LinkedList$ListItr
Event: 2.295 loading class java/util/LinkedList$ListItr done


Dynamic libraries:
0x00007ff7435b0000 - 0x00007ff7435be000 	c:\Users\rhyth\.vscode\extensions\redhat.java-1.28.1-win32-x64\jre\17.0.10-win32-x86_64\bin\java.exe
0x00007ffa06af0000 - 0x00007ffa06d07000 	C:\WINDOWS\SYSTEM32\ntdll.dll
0x00007ffa063d0000 - 0x00007ffa06494000 	C:\WINDOWS\System32\KERNEL32.DLL
0x00007ffa03ed0000 - 0x00007ffa04276000 	C:\WINDOWS\System32\KERNELBASE.dll
0x00007ffa009e0000 - 0x00007ffa00a77000 	C:\WINDOWS\SYSTEM32\apphelp.dll
0x00007ffa04640000 - 0x00007ffa04751000 	C:\WINDOWS\System32\ucrtbase.dll
0x00007ff9edcc0000 - 0x00007ff9edcd7000 	c:\Users\rhyth\.vscode\extensions\redhat.java-1.28.1-win32-x64\jre\17.0.10-win32-x86_64\bin\jli.dll
0x00007ffa05ee0000 - 0x00007ffa0608e000 	C:\WINDOWS\System32\USER32.dll
0x00007ffa04760000 - 0x00007ffa04786000 	C:\WINDOWS\System32\win32u.dll
0x00007ffa05eb0000 - 0x00007ffa05ed9000 	C:\WINDOWS\System32\GDI32.dll
0x00007ffa04340000 - 0x00007ffa04458000 	C:\WINDOWS\System32\gdi32full.dll
0x00007ffa03e30000 - 0x00007ffa03eca000 	C:\WINDOWS\System32\msvcp_win.dll
0x00007ff9ed8c0000 - 0x00007ff9ed8db000 	c:\Users\rhyth\.vscode\extensions\redhat.java-1.28.1-win32-x64\jre\17.0.10-win32-x86_64\bin\VCRUNTIME140.dll
0x00007ff9dbc40000 - 0x00007ff9dbed3000 	C:\WINDOWS\WinSxS\amd64_microsoft.windows.common-controls_6595b64144ccf1df_6.0.22621.2506_none_270c5ae97388e100\COMCTL32.dll
0x00007ffa064a0000 - 0x00007ffa06547000 	C:\WINDOWS\System32\msvcrt.dll
0x00007ffa06330000 - 0x00007ffa06361000 	C:\WINDOWS\System32\IMM32.DLL
0x00007ff9fbe70000 - 0x00007ff9fbe7c000 	c:\Users\rhyth\.vscode\extensions\redhat.java-1.28.1-win32-x64\jre\17.0.10-win32-x86_64\bin\vcruntime140_1.dll
0x00007ff9d24d0000 - 0x00007ff9d255d000 	c:\Users\rhyth\.vscode\extensions\redhat.java-1.28.1-win32-x64\jre\17.0.10-win32-x86_64\bin\msvcp140.dll
0x00007ff96f150000 - 0x00007ff96fdb2000 	c:\Users\rhyth\.vscode\extensions\redhat.java-1.28.1-win32-x64\jre\17.0.10-win32-x86_64\bin\server\jvm.dll
0x00007ffa06600000 - 0x00007ffa066b3000 	C:\WINDOWS\System32\ADVAPI32.dll
0x00007ffa04d70000 - 0x00007ffa04e18000 	C:\WINDOWS\System32\sechost.dll
0x00007ffa04790000 - 0x00007ffa047b8000 	C:\WINDOWS\System32\bcrypt.dll
0x00007ffa06900000 - 0x00007ffa06a17000 	C:\WINDOWS\System32\RPCRT4.dll
0x00007ffa02cc0000 - 0x00007ffa02d0d000 	C:\WINDOWS\SYSTEM32\POWRPROF.dll
0x00007ff9df4e0000 - 0x00007ff9df4e9000 	C:\WINDOWS\SYSTEM32\WSOCK32.dll
0x00007ffa06090000 - 0x00007ffa06101000 	C:\WINDOWS\System32\WS2_32.dll
0x00007ff9fc370000 - 0x00007ff9fc3a4000 	C:\WINDOWS\SYSTEM32\WINMM.dll
0x00007ff9f6050000 - 0x00007ff9f605a000 	C:\WINDOWS\SYSTEM32\VERSION.dll
0x00007ffa02ca0000 - 0x00007ffa02cb3000 	C:\WINDOWS\SYSTEM32\UMPDC.dll
0x00007ffa02f60000 - 0x00007ffa02f78000 	C:\WINDOWS\SYSTEM32\kernel.appcore.dll
0x00007ff9fbe80000 - 0x00007ff9fbe8a000 	c:\Users\rhyth\.vscode\extensions\redhat.java-1.28.1-win32-x64\jre\17.0.10-win32-x86_64\bin\jimage.dll
0x00007ffa01530000 - 0x00007ffa01763000 	C:\WINDOWS\SYSTEM32\DBGHELP.DLL
0x00007ffa04840000 - 0x00007ffa04bc9000 	C:\WINDOWS\System32\combase.dll
0x00007ffa06820000 - 0x00007ffa068f7000 	C:\WINDOWS\System32\OLEAUT32.dll
0x00007ff9fc330000 - 0x00007ff9fc362000 	C:\WINDOWS\SYSTEM32\dbgcore.DLL
0x00007ffa047c0000 - 0x00007ffa0483a000 	C:\WINDOWS\System32\bcryptPrimitives.dll
0x00007ff9fbdb0000 - 0x00007ff9fbdbe000 	c:\Users\rhyth\.vscode\extensions\redhat.java-1.28.1-win32-x64\jre\17.0.10-win32-x86_64\bin\instrument.dll
0x00007ff9e9ff0000 - 0x00007ff9ea015000 	c:\Users\rhyth\.vscode\extensions\redhat.java-1.28.1-win32-x64\jre\17.0.10-win32-x86_64\bin\java.dll
0x00007ff9ea8d0000 - 0x00007ff9ea8e8000 	c:\Users\rhyth\.vscode\extensions\redhat.java-1.28.1-win32-x64\jre\17.0.10-win32-x86_64\bin\zip.dll
0x00007ffa04fc0000 - 0x00007ffa0581b000 	C:\WINDOWS\System32\SHELL32.dll
0x00007ffa01da0000 - 0x00007ffa02696000 	C:\WINDOWS\SYSTEM32\windows.storage.dll
0x00007ffa01c60000 - 0x00007ffa01d9e000 	C:\WINDOWS\SYSTEM32\wintypes.dll
0x00007ffa04ec0000 - 0x00007ffa04fb3000 	C:\WINDOWS\System32\SHCORE.dll
0x00007ffa06370000 - 0x00007ffa063ce000 	C:\WINDOWS\System32\shlwapi.dll
0x00007ffa03d60000 - 0x00007ffa03d86000 	C:\WINDOWS\SYSTEM32\profapi.dll
0x00007ff9ea2c0000 - 0x00007ff9ea2d9000 	C:\Users\rhyth\.vscode\extensions\redhat.java-1.28.1-win32-x64\jre\17.0.10-win32-x86_64\bin\net.dll
0x00007ff9fa850000 - 0x00007ff9fa987000 	C:\WINDOWS\SYSTEM32\WINHTTP.dll
0x00007ffa033e0000 - 0x00007ffa03449000 	C:\WINDOWS\system32\mswsock.dll
0x00007ff9e9fd0000 - 0x00007ff9e9fe6000 	C:\Users\rhyth\.vscode\extensions\redhat.java-1.28.1-win32-x64\jre\17.0.10-win32-x86_64\bin\nio.dll
0x00007ff9fbd70000 - 0x00007ff9fbd80000 	c:\Users\rhyth\.vscode\extensions\redhat.java-1.28.1-win32-x64\jre\17.0.10-win32-x86_64\bin\verify.dll

dbghelp: loaded successfully - version: 4.0.5 - missing functions: none
symbol engine: initialized successfully - sym options: 0x614 - pdb path: .;c:\Users\rhyth\.vscode\extensions\redhat.java-1.28.1-win32-x64\jre\17.0.10-win32-x86_64\bin;C:\WINDOWS\SYSTEM32;C:\WINDOWS\WinSxS\amd64_microsoft.windows.common-controls_6595b64144ccf1df_6.0.22621.2506_none_270c5ae97388e100;c:\Users\rhyth\.vscode\extensions\redhat.java-1.28.1-win32-x64\jre\17.0.10-win32-x86_64\bin\server

VM Arguments:
jvm_args: --add-modules=ALL-SYSTEM --add-opens=java.base/java.util=ALL-UNNAMED --add-opens=java.base/java.lang=ALL-UNNAMED --add-opens=java.base/sun.nio.fs=ALL-UNNAMED -Declipse.application=org.eclipse.jdt.ls.core.id1 -Dosgi.bundles.defaultStartLevel=4 -Declipse.product=org.eclipse.jdt.ls.core.product -Djava.import.generatesMetadataFilesAtProjectRoot=false -DDetectVMInstallationsJob.disabled=true -Dfile.encoding=utf8 -XX:+UseParallelGC -XX:GCTimeRatio=4 -XX:AdaptiveSizePolicyWeight=90 -Dsun.zip.disableMemoryMapping=true -Xmx1G -Xms100m -Xlog:disable -javaagent:c:\Users\rhyth\.vscode\extensions\redhat.java-1.28.1-win32-x64\lombok\lombok-1.18.31.jar -XX:+HeapDumpOnOutOfMemoryError -XX:HeapDumpPath=c:\Users\rhyth\AppData\Roaming\Code\User\workspaceStorage\dd2a492412ff0276240358daae675832\redhat.java -Daether.dependencyCollector.impl=bf 
java_command: c:\Users\rhyth\.vscode\extensions\redhat.java-1.28.1-win32-x64\server\plugins\org.eclipse.equinox.launcher_1.6.700.v20231214-2017.jar -configuration c:\Users\rhyth\AppData\Roaming\Code\User\globalStorage\redhat.java\1.28.1\config_win -data c:\Users\rhyth\AppData\Roaming\Code\User\workspaceStorage\dd2a492412ff0276240358daae675832\redhat.java\jdt_ws --stdio
java_class_path (initial): c:\Users\rhyth\.vscode\extensions\redhat.java-1.28.1-win32-x64\server\plugins\org.eclipse.equinox.launcher_1.6.700.v20231214-2017.jar
Launcher Type: SUN_STANDARD

[Global flags]
    uintx AdaptiveSizePolicyWeight                 = 90                                        {product} {command line}
     intx CICompilerCount                          = 4                                         {product} {ergonomic}
    uintx GCTimeRatio                              = 4                                         {product} {command line}
     bool HeapDumpOnOutOfMemoryError               = true                                   {manageable} {command line}
    ccstr HeapDumpPath                             = c:\Users\rhyth\AppData\Roaming\Code\User\workspaceStorage\dd2a492412ff0276240358daae675832\redhat.java         {manageable} {command line}
   size_t InitialHeapSize                          = 104857600                                 {product} {command line}
   size_t MaxHeapSize                              = 1073741824                                {product} {command line}
   size_t MaxNewSize                               = 357564416                                 {product} {ergonomic}
   size_t MinHeapDeltaBytes                        = 524288                                    {product} {ergonomic}
   size_t MinHeapSize                              = 104857600                                 {product} {command line}
   size_t NewSize                                  = 34603008                                  {product} {ergonomic}
    uintx NonNMethodCodeHeapSize                   = 5839372                                {pd product} {ergonomic}
    uintx NonProfiledCodeHeapSize                  = 122909434                              {pd product} {ergonomic}
   size_t OldSize                                  = 70254592                                  {product} {ergonomic}
    uintx ProfiledCodeHeapSize                     = 122909434                              {pd product} {ergonomic}
    uintx ReservedCodeCacheSize                    = 251658240                              {pd product} {ergonomic}
     bool SegmentedCodeCache                       = true                                      {product} {ergonomic}
   size_t SoftMaxHeapSize                          = 1073741824                             {manageable} {ergonomic}
     bool UseCompressedClassPointers               = true                           {product lp64_product} {ergonomic}
     bool UseCompressedOops                        = true                           {product lp64_product} {ergonomic}
     bool UseLargePagesIndividualAllocation        = false                                  {pd product} {ergonomic}
     bool UseParallelGC                            = true                                      {product} {command line}

Logging:
Log output configuration:
 #0: stdout all=off uptime,level,tags
 #1: stderr all=off uptime,level,tags

Environment Variables:
JAVA_HOME=C:\Program Files\Java\jdk-18
PATH=C:\Python311\Scripts\;C:\Python311\;C:\MinGW\bin;C:\Program Files\Common Files\Oracle\Java\javapath;C:\Windows\system32;C:\Windows;C:\Windows\System32\Wbem;C:\Windows\System32\WindowsPowerShell\v1.0\;C:\Windows\System32\OpenSSH\;C:\Users\Risheek Ravi\AppData\Roaming\nvm;C:\Program Files\nodejs;C:\Program Files (x86)\NVIDIA Corporation\PhysX\Common;C:\WINDOWS\system32;C:\WINDOWS;C:\WINDOWS\System32\Wbem;C:\WINDOWS\System32\WindowsPowerShell\v1.0\;C:\WINDOWS\System32\OpenSSH\;C:\Program Files\dotnet\;C:\ProgramData\chocolatey\bin;C:\Program Files\NVIDIA Corporation\NVIDIA NvDLISR;C:\Program Files\nodejs\;C:\Program Files\Git\cmd;C:\Program Files (x86)\Windows Kits\10\Windows Performance Toolkit\;C:\Program Files\MySQL\MySQL Shell 8.0\bin\;C:\Users\rhyth\AppData\Local\Microsoft\WindowsApps;C:\Users\rhyth\AppData\Local\Programs\Microsoft VS Code\bin;C:\Users\rhyth\.dotnet\tools;C:\Users\Risheek Ravi\AppData\Local\GitHubDesktop\bin;C:\Users\rhyth\AppData\Roaming\npm
USERNAME=rhyth
OS=Windows_NT
PROCESSOR_IDENTIFIER=Intel64 Family 6 Model 140 Stepping 1, GenuineIntel
TMP=C:\Users\rhyth\AppData\Local\Temp
TEMP=C:\Users\rhyth\AppData\Local\Temp



Periodic native trim disabled


---------------  S Y S T E M  ---------------

OS:
 Windows 11 , 64 bit Build 22621 (10.0.22621.3085)
OS uptime: 2 days 19:51 hours

CPU: total 8 (initial active 8) (4 cores per cpu, 2 threads per core) family 6 model 140 stepping 1 microcode 0xb4, cx8, cmov, fxsr, ht, mmx, 3dnowpref, sse, sse2, sse3, ssse3, sse4.1, sse4.2, popcnt, lzcnt, tsc, tscinvbit, avx, avx2, aes, erms, clmul, bmi1, bmi2, adx, avx512f, avx512dq, avx512cd, avx512bw, avx512vl, sha, fma, vzeroupper, avx512_vpopcntdq, avx512_vpclmulqdq, avx512_vaes, avx512_vnni, clflush, clflushopt, clwb, avx512_vbmi2, avx512_vbmi
Processor Information for all 8 processors :
  Max Mhz: 1382, Current Mhz: 1382, Mhz Limit: 1382

Memory: 4k page, system-wide physical 7914M (164M free)
TotalPageFile size 24298M (AvailPageFile size 3M)
current process WorkingSet (physical memory assigned to process): 81M, peak: 81M
current process commit charge ("private bytes"): 201M, peak: 202M

vm_info: OpenJDK 64-Bit Server VM (17.0.10+7) for windows-amd64 JRE (17.0.10+7), built on Jan 16 2024 23:25:11 by "admin" with MS VC++ 16.10 / 16.11 (VS2019)

END.
