#
# There is insufficient memory for the Java Runtime Environment to continue.
# Native memory allocation (malloc) failed to allocate 45600 bytes for Chunk::new
# Possible reasons:
#   The system is out of physical RAM or swap space
#   The process is running with CompressedOops enabled, and the Java Heap may be blocking the growth of the native heap
# Possible solutions:
#   Reduce memory load on the system
#   Increase physical memory or swap space
#   Check if swap backing store is full
#   Decrease Java heap size (-Xmx/-Xms)
#   Decrease number of Java threads
#   Decrease Java thread stack sizes (-Xss)
#   Set larger code cache with -XX:ReservedCodeCacheSize=
#   JVM is running with Unscaled Compressed Oops mode in which the Java heap is
#     placed in the first 4GB address space. The Java Heap base address is the
#     maximum limit for the native heap growth. Please use -XX:HeapBaseMinAddress
#     to set the Java Heap base and to place the Java Heap above 4GB virtual address.
# This output file may be truncated or incomplete.
#
#  Out of Memory Error (arena.cpp:191), pid=4408, tid=28416
#
# JRE version: OpenJDK Runtime Environment Temurin-17.0.10+7 (17.0.10+7) (build 17.0.10+7)
# Java VM: OpenJDK 64-Bit Server VM Temurin-17.0.10+7 (17.0.10+7, mixed mode, tiered, compressed oops, compressed class ptrs, parallel gc, windows-amd64)
# No core dump will be written. Minidumps are not enabled by default on client versions of Windows
#

---------------  S U M M A R Y ------------

Command Line: --add-modules=ALL-SYSTEM --add-opens=java.base/java.util=ALL-UNNAMED --add-opens=java.base/java.lang=ALL-UNNAMED --add-opens=java.base/sun.nio.fs=ALL-UNNAMED -Declipse.application=org.eclipse.jdt.ls.core.id1 -Dosgi.bundles.defaultStartLevel=4 -Declipse.product=org.eclipse.jdt.ls.core.product -Djava.import.generatesMetadataFilesAtProjectRoot=false -DDetectVMInstallationsJob.disabled=true -Dfile.encoding=utf8 -XX:+UseParallelGC -XX:GCTimeRatio=4 -XX:AdaptiveSizePolicyWeight=90 -Dsun.zip.disableMemoryMapping=true -Xmx1G -Xms100m -Xlog:disable -javaagent:c:\Users\rhyth\.vscode\extensions\redhat.java-1.28.1-win32-x64\lombok\lombok-1.18.31.jar -XX:+HeapDumpOnOutOfMemoryError -XX:HeapDumpPath=c:\Users\rhyth\AppData\Roaming\Code\User\workspaceStorage\dd2a492412ff0276240358daae675832\redhat.java -Daether.dependencyCollector.impl=bf c:\Users\rhyth\.vscode\extensions\redhat.java-1.28.1-win32-x64\server\plugins\org.eclipse.equinox.launcher_1.6.700.v20231214-2017.jar -configuration c:\Users\rhyth\AppData\Roaming\Code\User\globalStorage\redhat.java\1.28.1\config_win -data c:\Users\rhyth\AppData\Roaming\Code\User\workspaceStorage\dd2a492412ff0276240358daae675832\redhat.java\jdt_ws --stdio

Host: 11th Gen Intel(R) Core(TM) i5-1135G7 @ 2.40GHz, 8 cores, 7G,  Windows 11 , 64 bit Build 22621 (10.0.22621.3085)
Time: Fri Feb 23 15:36:27 2024 India Standard Time elapsed time: 9.167418 seconds (0d 0h 0m 9s)

---------------  T H R E A D  ---------------

Current thread (0x00000241ea21d000):  JavaThread "C1 CompilerThread0" daemon [_thread_in_native, id=28416, stack(0x000000504e800000,0x000000504e900000)]


Current CompileTask:
C1:   9167 1496       3       java.net.URLStreamHandler::parseURL (1201 bytes)

Stack: [0x000000504e800000,0x000000504e900000]
Native frames: (J=compiled Java code, j=interpreted, Vv=VM code, C=native code)
V  [jvm.dll+0x67d2c9]
V  [jvm.dll+0x834afa]
V  [jvm.dll+0x8365be]
V  [jvm.dll+0x836c23]
V  [jvm.dll+0x2477ff]
V  [jvm.dll+0xac514]
V  [jvm.dll+0xacb5c]
V  [jvm.dll+0x17d1ef]
V  [jvm.dll+0x17bd7b]
V  [jvm.dll+0x136373]
V  [jvm.dll+0x135c7f]
V  [jvm.dll+0x135eb6]
V  [jvm.dll+0x13534a]
V  [jvm.dll+0x137001]
V  [jvm.dll+0x2290de]
V  [jvm.dll+0x2272ac]
V  [jvm.dll+0x7e9bb7]
V  [jvm.dll+0x7e3fba]
V  [jvm.dll+0x67c1b5]
C  [ucrtbase.dll+0x29363]
C  [KERNEL32.DLL+0x1257d]
C  [ntdll.dll+0x5aa58]


---------------  P R O C E S S  ---------------

Threads class SMR info:
_java_thread_list=0x00000241eb733d50, length=13, elements={
0x00000241d12208f0, 0x00000241e508fb00, 0x00000241e5090b70, 0x00000241e509e960,
0x00000241ea1a2420, 0x00000241ea1a2ef0, 0x00000241ea1a39c0, 0x00000241ea1a6880,
0x00000241ea21d000, 0x00000241ea221ce0, 0x00000241ea2a2b50, 0x00000241eb3d3eb0,
0x00000241eb5910f0
}

Java Threads: ( => current thread )
  0x00000241d12208f0 JavaThread "main" [_thread_in_native, id=16512, stack(0x000000504de00000,0x000000504df00000)]
  0x00000241e508fb00 JavaThread "Reference Handler" daemon [_thread_blocked, id=1124, stack(0x000000504e100000,0x000000504e200000)]
  0x00000241e5090b70 JavaThread "Finalizer" daemon [_thread_blocked, id=3228, stack(0x000000504e200000,0x000000504e300000)]
  0x00000241e509e960 JavaThread "Signal Dispatcher" daemon [_thread_blocked, id=20940, stack(0x000000504e300000,0x000000504e400000)]
  0x00000241ea1a2420 JavaThread "Attach Listener" daemon [_thread_blocked, id=18312, stack(0x000000504e400000,0x000000504e500000)]
  0x00000241ea1a2ef0 JavaThread "Service Thread" daemon [_thread_blocked, id=21456, stack(0x000000504e500000,0x000000504e600000)]
  0x00000241ea1a39c0 JavaThread "Monitor Deflation Thread" daemon [_thread_blocked, id=24252, stack(0x000000504e600000,0x000000504e700000)]
  0x00000241ea1a6880 JavaThread "C2 CompilerThread0" daemon [_thread_blocked, id=18268, stack(0x000000504e700000,0x000000504e800000)]
=>0x00000241ea21d000 JavaThread "C1 CompilerThread0" daemon [_thread_in_native, id=28416, stack(0x000000504e800000,0x000000504e900000)]
  0x00000241ea221ce0 JavaThread "Sweeper thread" daemon [_thread_blocked, id=21464, stack(0x000000504e900000,0x000000504ea00000)]
  0x00000241ea2a2b50 JavaThread "Common-Cleaner" daemon [_thread_blocked, id=4452, stack(0x000000504ea00000,0x000000504eb00000)]
  0x00000241eb3d3eb0 JavaThread "Notification Thread" daemon [_thread_blocked, id=5628, stack(0x000000504eb00000,0x000000504ec00000)]
  0x00000241eb5910f0 JavaThread "Active Thread: Equinox Container: 19fb57f5-9543-4209-b4b2-fe034c6e5ca4" [_thread_blocked, id=25604, stack(0x000000504f300000,0x000000504f400000)]

Other Threads:
  0x00000241d12bed10 VMThread "VM Thread" [stack: 0x000000504e000000,0x000000504e100000] [id=18852]
  0x00000241ea5143b0 WatcherThread [stack: 0x000000504ec00000,0x000000504ed00000] [id=27560]
  0x00000241d12385c0 GCTaskThread "GC Thread#0" [stack: 0x000000504df00000,0x000000504e000000] [id=4512]
  0x00000241eb6995e0 GCTaskThread "GC Thread#1" [stack: 0x000000504ed00000,0x000000504ee00000] [id=24920]
  0x00000241eb6998a0 GCTaskThread "GC Thread#2" [stack: 0x000000504ee00000,0x000000504ef00000] [id=19608]
  0x00000241eb699b60 GCTaskThread "GC Thread#3" [stack: 0x000000504ef00000,0x000000504f000000] [id=16404]
  0x00000241eb659030 GCTaskThread "GC Thread#4" [stack: 0x000000504f000000,0x000000504f100000] [id=6480]
  0x00000241eb6592f0 GCTaskThread "GC Thread#5" [stack: 0x000000504f100000,0x000000504f200000] [id=28296]
  0x00000241eb6595b0 GCTaskThread "GC Thread#6" [stack: 0x000000504f200000,0x000000504f300000] [id=28704]

Threads with active compile tasks:
C1 CompilerThread0     9194 1496       3       java.net.URLStreamHandler::parseURL (1201 bytes)

VM state: not at safepoint (normal execution)

VM Mutex/Monitor currently owned by a thread: None

Heap address: 0x00000000c0000000, size: 1024 MB, Compressed Oops mode: 32-bit

CDS archive(s) not mapped
Compressed class space mapped at: 0x0000000100000000-0x0000000140000000, reserved size: 1073741824
Narrow klass base: 0x0000000000000000, Narrow klass shift: 3, Narrow klass range: 0x140000000

GC Precious Log:
 CPUs: 8 total, 8 available
 Memory: 7914M
 Large Page Support: Disabled
 NUMA Support: Disabled
 Compressed Oops: Enabled (32-bit)
 Alignments: Space 512K, Generation 512K, Heap 2M
 Heap Min Capacity: 100M
 Heap Initial Capacity: 100M
 Heap Max Capacity: 1G
 Pre-touch: Disabled
 Parallel Workers: 8

Heap:
 PSYoungGen      total 29696K, used 24004K [0x00000000eab00000, 0x00000000ecc00000, 0x0000000100000000)
  eden space 25600K, 81% used [0x00000000eab00000,0x00000000ebf54278,0x00000000ec400000)
  from space 4096K, 77% used [0x00000000ec400000,0x00000000ec71d130,0x00000000ec800000)
  to   space 4096K, 0% used [0x00000000ec800000,0x00000000ec800000,0x00000000ecc00000)
 ParOldGen       total 68608K, used 8K [0x00000000c0000000, 0x00000000c4300000, 0x00000000eab00000)
  object space 68608K, 0% used [0x00000000c0000000,0x00000000c0002000,0x00000000c4300000)
 Metaspace       used 13756K, committed 13952K, reserved 1114112K
  class space    used 1356K, committed 1472K, reserved 1048576K

Card table byte_map: [0x00000241d0ba0000,0x00000241d0db0000] _byte_map_base: 0x00000241d05a0000

Marking Bits: (ParMarkBitMap*) 0x00007ff96fced7d0
 Begin Bits: [0x00000241e2ea0000, 0x00000241e3ea0000)
 End Bits:   [0x00000241e3ea0000, 0x00000241e4ea0000)

Polling page: 0x00000241cf150000

Metaspace:

Usage:
  Non-class:     12.11 MB used.
      Class:      1.32 MB used.
       Both:     13.43 MB used.

Virtual space:
  Non-class space:       64.00 MB reserved,      12.19 MB ( 19%) committed,  1 nodes.
      Class space:        1.00 GB reserved,       1.44 MB ( <1%) committed,  1 nodes.
             Both:        1.06 GB reserved,      13.62 MB (  1%) committed. 

Chunk freelists:
   Non-Class:  3.36 MB
       Class:  14.48 MB
        Both:  17.84 MB

MaxMetaspaceSize: unlimited
CompressedClassSpaceSize: 1.00 GB
Initial GC threshold: 21.00 MB
Current GC threshold: 21.00 MB
CDS: off
MetaspaceReclaimPolicy: balanced
 - commit_granule_bytes: 65536.
 - commit_granule_words: 8192.
 - virtual_space_node_default_size: 8388608.
 - enlarge_chunks_in_place: 1.
 - new_chunks_are_fully_committed: 0.
 - uncommit_free_chunks: 1.
 - use_allocation_guard: 0.
 - handle_deallocations: 1.


Internal statistics:

num_allocs_failed_limit: 0.
num_arena_births: 54.
num_arena_deaths: 0.
num_vsnodes_births: 2.
num_vsnodes_deaths: 0.
num_space_committed: 218.
num_space_uncommitted: 0.
num_chunks_returned_to_freelist: 0.
num_chunks_taken_from_freelist: 218.
num_chunk_merges: 0.
num_chunk_splits: 146.
num_chunks_enlarged: 119.
num_inconsistent_stats: 0.

CodeHeap 'non-profiled nmethods': size=120000Kb used=650Kb max_used=650Kb free=119350Kb
 bounds [0x00000241db970000, 0x00000241dbbe0000, 0x00000241e2ea0000]
CodeHeap 'profiled nmethods': size=120000Kb used=2767Kb max_used=2767Kb free=117232Kb
 bounds [0x00000241d3ea0000, 0x00000241d4160000, 0x00000241db3d0000]
CodeHeap 'non-nmethods': size=5760Kb used=1165Kb max_used=1191Kb free=4594Kb
 bounds [0x00000241db3d0000, 0x00000241db640000, 0x00000241db970000]
 total_blobs=1945 nmethods=1495 adapters=364
 compilation: enabled
              stopped_count=0, restarted_count=0
 full_count=0

Compilation events (20 events):
Event: 8.726 Thread 0x00000241ea21d000 1487       3       sun.net.util.IPAddressUtil::scan (62 bytes)
Event: 8.727 Thread 0x00000241ea21d000 nmethod 1487 0x00000241d414bd90 code [0x00000241d414bfc0, 0x00000241d414c8a8]
Event: 8.727 Thread 0x00000241ea21d000 1488       3       java.io.WinNTFileSystem::isAbsolute (36 bytes)
Event: 8.727 Thread 0x00000241ea21d000 nmethod 1488 0x00000241d414cc90 code [0x00000241d414cea0, 0x00000241d414d538]
Event: 8.733 Thread 0x00000241ea1a6880 nmethod 1483 0x00000241dba11210 code [0x00000241dba113c0, 0x00000241dba11c98]
Event: 8.811 Thread 0x00000241ea1a6880 1489       4       java.lang.StringBuilder::toString (35 bytes)
Event: 8.812 Thread 0x00000241ea21d000 1490       3       java.io.File::<init> (111 bytes)
Event: 8.813 Thread 0x00000241ea21d000 nmethod 1490 0x00000241d414d810 code [0x00000241d414dac0, 0x00000241d414e458]
Event: 8.815 Thread 0x00000241ea1a6880 nmethod 1489 0x00000241dba12090 code [0x00000241dba12220, 0x00000241dba12658]
Event: 8.815 Thread 0x00000241ea21d000 1491       3       org.eclipse.osgi.internal.framework.EquinoxConfiguration::getProperty (9 bytes)
Event: 8.816 Thread 0x00000241ea21d000 nmethod 1491 0x00000241d414e810 code [0x00000241d414eae0, 0x00000241d414f898]
Event: 8.816 Thread 0x00000241ea21d000 1492       3       org.eclipse.osgi.internal.framework.EquinoxConfiguration$ConfigValues::getProperty (31 bytes)
Event: 8.817 Thread 0x00000241ea21d000 nmethod 1492 0x00000241d414fd90 code [0x00000241d4150140, 0x00000241d41517e8]
Event: 8.817 Thread 0x00000241ea21d000 1493       3       java.net.URLStreamHandler::<init> (5 bytes)
Event: 8.818 Thread 0x00000241ea21d000 nmethod 1493 0x00000241d4151f10 code [0x00000241d41520a0, 0x00000241d41521f8]
Event: 8.818 Thread 0x00000241ea21d000 1494       3       org.eclipse.core.runtime.adaptor.EclipseStarter::createURL (52 bytes)
Event: 8.819 Thread 0x00000241ea21d000 nmethod 1494 0x00000241d4152290 code [0x00000241d4152540, 0x00000241d4153208]
Event: 9.156 Thread 0x00000241ea21d000 1495       3       sun.net.www.protocol.file.Handler::parseURL (18 bytes)
Event: 9.157 Thread 0x00000241ea21d000 nmethod 1495 0x00000241d4153810 code [0x00000241d41539c0, 0x00000241d4153b78]
Event: 9.157 Thread 0x00000241ea21d000 1496       3       java.net.URLStreamHandler::parseURL (1201 bytes)

GC Heap History (2 events):
Event: 3.557 GC heap before
{Heap before GC invocations=1 (full 0):
 PSYoungGen      total 29696K, used 25600K [0x00000000eab00000, 0x00000000ecc00000, 0x0000000100000000)
  eden space 25600K, 100% used [0x00000000eab00000,0x00000000ec400000,0x00000000ec400000)
  from space 4096K, 0% used [0x00000000ec800000,0x00000000ec800000,0x00000000ecc00000)
  to   space 4096K, 0% used [0x00000000ec400000,0x00000000ec400000,0x00000000ec800000)
 ParOldGen       total 68608K, used 0K [0x00000000c0000000, 0x00000000c4300000, 0x00000000eab00000)
  object space 68608K, 0% used [0x00000000c0000000,0x00000000c0000000,0x00000000c4300000)
 Metaspace       used 10992K, committed 11200K, reserved 1114112K
  class space    used 1096K, committed 1216K, reserved 1048576K
}
Event: 3.569 GC heap after
{Heap after GC invocations=1 (full 0):
 PSYoungGen      total 29696K, used 3188K [0x00000000eab00000, 0x00000000ecc00000, 0x0000000100000000)
  eden space 25600K, 0% used [0x00000000eab00000,0x00000000eab00000,0x00000000ec400000)
  from space 4096K, 77% used [0x00000000ec400000,0x00000000ec71d130,0x00000000ec800000)
  to   space 4096K, 0% used [0x00000000ec800000,0x00000000ec800000,0x00000000ecc00000)
 ParOldGen       total 68608K, used 8K [0x00000000c0000000, 0x00000000c4300000, 0x00000000eab00000)
  object space 68608K, 0% used [0x00000000c0000000,0x00000000c0002000,0x00000000c4300000)
 Metaspace       used 10992K, committed 11200K, reserved 1114112K
  class space    used 1096K, committed 1216K, reserved 1048576K
}

Dll operation events (8 events):
Event: 0.064 Loaded shared library c:\Users\rhyth\.vscode\extensions\redhat.java-1.28.1-win32-x64\jre\17.0.10-win32-x86_64\bin\java.dll
Event: 1.106 Loaded shared library c:\Users\rhyth\.vscode\extensions\redhat.java-1.28.1-win32-x64\jre\17.0.10-win32-x86_64\bin\zip.dll
Event: 1.110 Loaded shared library C:\Users\rhyth\.vscode\extensions\redhat.java-1.28.1-win32-x64\jre\17.0.10-win32-x86_64\bin\instrument.dll
Event: 1.221 Loaded shared library C:\Users\rhyth\.vscode\extensions\redhat.java-1.28.1-win32-x64\jre\17.0.10-win32-x86_64\bin\net.dll
Event: 1.233 Loaded shared library C:\Users\rhyth\.vscode\extensions\redhat.java-1.28.1-win32-x64\jre\17.0.10-win32-x86_64\bin\nio.dll
Event: 1.242 Loaded shared library C:\Users\rhyth\.vscode\extensions\redhat.java-1.28.1-win32-x64\jre\17.0.10-win32-x86_64\bin\zip.dll
Event: 1.269 Loaded shared library C:\Users\rhyth\.vscode\extensions\redhat.java-1.28.1-win32-x64\jre\17.0.10-win32-x86_64\bin\jimage.dll
Event: 1.524 Loaded shared library c:\Users\rhyth\.vscode\extensions\redhat.java-1.28.1-win32-x64\jre\17.0.10-win32-x86_64\bin\verify.dll

Deoptimization events (20 events):
Event: 4.543 Thread 0x00000241d12208f0 DEOPT PACKING pc=0x00000241db9f5e00 sp=0x000000504defdd60
Event: 4.543 Thread 0x00000241d12208f0 DEOPT UNPACKING pc=0x00000241db429ea3 sp=0x000000504defdca8 mode 2
Event: 4.611 Thread 0x00000241d12208f0 Uncommon trap: trap_request=0xffffffde fr.pc=0x00000241db9dbf90 relative=0x00000000000009f0
Event: 4.611 Thread 0x00000241d12208f0 Uncommon trap: reason=class_check action=maybe_recompile pc=0x00000241db9dbf90 method=java.util.HashMap.putVal(ILjava/lang/Object;Ljava/lang/Object;ZZ)Ljava/lang/Object; @ 253 c2
Event: 4.611 Thread 0x00000241d12208f0 DEOPT PACKING pc=0x00000241db9dbf90 sp=0x000000504defdbf0
Event: 4.611 Thread 0x00000241d12208f0 DEOPT UNPACKING pc=0x00000241db429ea3 sp=0x000000504defdb18 mode 2
Event: 4.616 Thread 0x00000241d12208f0 Uncommon trap: trap_request=0xffffffde fr.pc=0x00000241db9dbf90 relative=0x00000000000009f0
Event: 4.616 Thread 0x00000241d12208f0 Uncommon trap: reason=class_check action=maybe_recompile pc=0x00000241db9dbf90 method=java.util.HashMap.putVal(ILjava/lang/Object;Ljava/lang/Object;ZZ)Ljava/lang/Object; @ 253 c2
Event: 4.616 Thread 0x00000241d12208f0 DEOPT PACKING pc=0x00000241db9dbf90 sp=0x000000504defdbf0
Event: 4.616 Thread 0x00000241d12208f0 DEOPT UNPACKING pc=0x00000241db429ea3 sp=0x000000504defdb18 mode 2
Event: 4.616 Thread 0x00000241d12208f0 Uncommon trap: trap_request=0xffffffde fr.pc=0x00000241db97c334 relative=0x0000000000000434
Event: 4.616 Thread 0x00000241d12208f0 Uncommon trap: reason=class_check action=maybe_recompile pc=0x00000241db97c334 method=java.util.HashMap.putVal(ILjava/lang/Object;Ljava/lang/Object;ZZ)Ljava/lang/Object; @ 253 c2
Event: 4.617 Thread 0x00000241d12208f0 DEOPT PACKING pc=0x00000241db97c334 sp=0x000000504defda70
Event: 4.617 Thread 0x00000241d12208f0 DEOPT UNPACKING pc=0x00000241db429ea3 sp=0x000000504defda10 mode 2
Event: 4.670 Thread 0x00000241d12208f0 Uncommon trap: trap_request=0xffffffc6 fr.pc=0x00000241db9f5e00 relative=0x0000000000000620
Event: 4.670 Thread 0x00000241d12208f0 Uncommon trap: reason=bimorphic_or_optimized_type_check action=maybe_recompile pc=0x00000241db9f5e00 method=java.util.Collections$UnmodifiableCollection$1.<init>(Ljava/util/Collections$UnmodifiableCollection;)V @ 17 c2
Event: 4.670 Thread 0x00000241d12208f0 DEOPT PACKING pc=0x00000241db9f5e00 sp=0x000000504defdf60
Event: 4.670 Thread 0x00000241d12208f0 DEOPT UNPACKING pc=0x00000241db429ea3 sp=0x000000504defdea8 mode 2
Event: 4.675 Thread 0x00000241d12208f0 DEOPT PACKING pc=0x00000241d3fb89e1 sp=0x000000504defc5c0
Event: 4.675 Thread 0x00000241d12208f0 DEOPT UNPACKING pc=0x00000241db42a9e3 sp=0x000000504defba48 mode 0

Classes unloaded (0 events):
No events

Classes redefined (0 events):
No events

Internal exceptions (20 events):
Event: 2.722 Thread 0x00000241d12208f0 Exception <a 'java/io/FileNotFoundException'{0x00000000eb8782f8}> (0x00000000eb8782f8) 
thrown [s\src\hotspot\share\prims\jni.cpp, line 516]
Event: 2.723 Thread 0x00000241d12208f0 Exception <a 'java/io/FileNotFoundException'{0x00000000eb878fb8}> (0x00000000eb878fb8) 
thrown [s\src\hotspot\share\prims\jni.cpp, line 516]
Event: 2.728 Thread 0x00000241d12208f0 Implicit null exception at 0x00000241db992ff2 to 0x00000241db993568
Event: 2.735 Thread 0x00000241d12208f0 Exception <a 'java/io/FileNotFoundException'{0x00000000eb8b2c58}> (0x00000000eb8b2c58) 
thrown [s\src\hotspot\share\prims\jni.cpp, line 516]
Event: 3.264 Thread 0x00000241d12208f0 Exception <a 'java/lang/ClassNotFoundException'{0x00000000ec0b76f8}: sun/net/www/protocol/c/Handler> (0x00000000ec0b76f8) 
thrown [s\src\hotspot\share\classfile\systemDictionary.cpp, line 256]
Event: 3.266 Thread 0x00000241d12208f0 Exception <a 'java/lang/ClassNotFoundException'{0x00000000ec0b8a38}: sun/net/www/protocol/c/Handler> (0x00000000ec0b8a38) 
thrown [s\src\hotspot\share\classfile\systemDictionary.cpp, line 256]
Event: 3.267 Thread 0x00000241d12208f0 Exception <a 'java/lang/ClassNotFoundException'{0x00000000ec0b9bb0}: sun/net/www/protocol/c/Handler> (0x00000000ec0b9bb0) 
thrown [s\src\hotspot\share\classfile\systemDictionary.cpp, line 256]
Event: 3.282 Thread 0x00000241d12208f0 Exception <a 'java/io/FileNotFoundException'{0x00000000ec0e0e68}> (0x00000000ec0e0e68) 
thrown [s\src\hotspot\share\prims\jni.cpp, line 516]
Event: 3.465 Thread 0x00000241d12208f0 Implicit null exception at 0x00000241db9afa5b to 0x00000241db9b0448
Event: 3.465 Thread 0x00000241d12208f0 Implicit null exception at 0x00000241db9bb6ec to 0x00000241db9bb8c8
Event: 3.465 Thread 0x00000241d12208f0 Implicit null exception at 0x00000241db9baa6c to 0x00000241db9bac50
Event: 3.466 Thread 0x00000241d12208f0 Implicit null exception at 0x00000241db9b1f0f to 0x00000241db9b1f85
Event: 3.544 Thread 0x00000241d12208f0 Exception <a 'java/lang/NoSuchMethodError'{0x00000000ec3b3250}: 'int java.lang.invoke.DirectMethodHandle$Holder.invokeStaticInit(java.lang.Object, java.lang.Object, java.lang.Object, java.lang.Object)'> (0x00000000ec3b3250) 
thrown [s\src\hotspot\share\interpreter\linkResolver.cpp, line 759]
Event: 3.546 Thread 0x00000241d12208f0 Exception <a 'java/lang/NoSuchMethodError'{0x00000000ec3bd8c0}: 'java.lang.Object java.lang.invoke.DirectMethodHandle$Holder.invokeInterface(java.lang.Object, java.lang.Object)'> (0x00000000ec3bd8c0) 
thrown [s\src\hotspot\share\interpreter\linkResolver.cpp, line 759]
Event: 3.547 Thread 0x00000241d12208f0 Exception <a 'java/lang/IncompatibleClassChangeError'{0x00000000ec3c10b8}: Found class java.lang.Object, but interface was expected> (0x00000000ec3c10b8) 
thrown [s\src\hotspot\share\interpreter\linkResolver.cpp, line 826]
Event: 3.548 Thread 0x00000241d12208f0 Exception <a 'java/lang/NoSuchMethodError'{0x00000000ec3c55a8}: 'void java.lang.invoke.DirectMethodHandle$Holder.invokeStatic(java.lang.Object, java.lang.Object)'> (0x00000000ec3c55a8) 
thrown [s\src\hotspot\share\interpreter\linkResolver.cpp, line 759]
Event: 3.548 Thread 0x00000241d12208f0 Exception <a 'java/lang/NoSuchMethodError'{0x00000000ec3c8da8}: 'void java.lang.invoke.DirectMethodHandle$Holder.invokeStaticInit(java.lang.Object, java.lang.Object)'> (0x00000000ec3c8da8) 
thrown [s\src\hotspot\share\interpreter\linkResolver.cpp, line 759]
Event: 3.549 Thread 0x00000241d12208f0 Exception <a 'java/lang/NoSuchMethodError'{0x00000000ec3d0238}: 'int java.lang.invoke.DirectMethodHandle$Holder.invokeStaticInit(java.lang.Object, java.lang.Object)'> (0x00000000ec3d0238) 
thrown [s\src\hotspot\share\interpreter\linkResolver.cpp, line 759]
Event: 3.787 Thread 0x00000241d12208f0 Exception <a 'java/lang/NoSuchMethodError'{0x00000000eac5ba00}: 'void java.lang.invoke.DirectMethodHandle$Holder.invokeSpecial(java.lang.Object, java.lang.Object, java.lang.Object)'> (0x00000000eac5ba00) 
thrown [s\src\hotspot\share\interpreter\linkResolver.cpp, line 759]
Event: 4.590 Thread 0x00000241d12208f0 Exception <a 'java/lang/NoSuchMethodError'{0x00000000eba096d0}: 'java.lang.Object java.lang.invoke.DirectMethodHandle$Holder.newInvokeSpecial(java.lang.Object, int, java.lang.Object)'> (0x00000000eba096d0) 
thrown [s\src\hotspot\share\interpreter\linkResolver.cpp, line 759]

VM Operations (20 events):
Event: 2.328 Executing VM operation: Cleanup
Event: 2.335 Executing VM operation: Cleanup done
Event: 2.658 Executing VM operation: HandshakeAllThreads
Event: 2.658 Executing VM operation: HandshakeAllThreads done
Event: 2.704 Executing VM operation: HandshakeAllThreads
Event: 2.704 Executing VM operation: HandshakeAllThreads done
Event: 3.206 Executing VM operation: HandshakeAllThreads
Event: 3.206 Executing VM operation: HandshakeAllThreads done
Event: 3.557 Executing VM operation: ParallelGCFailedAllocation
Event: 3.569 Executing VM operation: ParallelGCFailedAllocation done
Event: 4.539 Executing VM operation: HandshakeAllThreads
Event: 4.539 Executing VM operation: HandshakeAllThreads done
Event: 4.539 Executing VM operation: HandshakeAllThreads
Event: 4.539 Executing VM operation: HandshakeAllThreads done
Event: 4.548 Executing VM operation: HandshakeAllThreads
Event: 4.548 Executing VM operation: HandshakeAllThreads done
Event: 4.564 Executing VM operation: HandshakeAllThreads
Event: 4.565 Executing VM operation: HandshakeAllThreads done
Event: 5.564 Executing VM operation: Cleanup
Event: 5.564 Executing VM operation: Cleanup done

Events (20 events):
Event: 4.621 loading class java/net/ContentHandlerFactory
Event: 4.621 loading class java/net/ContentHandlerFactory done
Event: 4.643 loading class java/net/ContentHandler
Event: 4.643 loading class java/net/ContentHandler done
Event: 4.666 loading class javax/xml/parsers/ParserConfigurationException
Event: 4.666 loading class javax/xml/parsers/ParserConfigurationException done
Event: 4.668 loading class java/security/KeyStoreException
Event: 4.668 loading class java/security/KeyStoreException done
Event: 4.757 loading class java/util/LinkedList$Node
Event: 4.758 loading class java/util/LinkedList$Node done
Event: 4.758 loading class java/util/LinkedList$ListItr
Event: 4.758 loading class java/util/LinkedList$ListItr done
Event: 4.786 loading class sun/nio/fs/WindowsChannelFactory
Event: 4.786 loading class sun/nio/fs/WindowsChannelFactory done
Event: 4.786 loading class sun/nio/fs/WindowsChannelFactory$1
Event: 4.786 loading class sun/nio/fs/WindowsChannelFactory$1 done
Event: 4.786 loading class sun/nio/fs/WindowsChannelFactory$Flags
Event: 4.786 loading class sun/nio/fs/WindowsChannelFactory$Flags done
Event: 4.786 loading class sun/nio/ch/FileChannelImpl$Closer
Event: 4.787 loading class sun/nio/ch/FileChannelImpl$Closer done


Dynamic libraries:
0x00007ff7435b0000 - 0x00007ff7435be000 	c:\Users\rhyth\.vscode\extensions\redhat.java-1.28.1-win32-x64\jre\17.0.10-win32-x86_64\bin\java.exe
0x00007ffa06af0000 - 0x00007ffa06d07000 	C:\WINDOWS\SYSTEM32\ntdll.dll
0x00007ffa063d0000 - 0x00007ffa06494000 	C:\WINDOWS\System32\KERNEL32.DLL
0x00007ffa03ed0000 - 0x00007ffa04276000 	C:\WINDOWS\System32\KERNELBASE.dll
0x00007ffa009e0000 - 0x00007ffa00a77000 	C:\WINDOWS\SYSTEM32\apphelp.dll
0x00007ffa04640000 - 0x00007ffa04751000 	C:\WINDOWS\System32\ucrtbase.dll
0x00007ff9edcc0000 - 0x00007ff9edcd7000 	c:\Users\rhyth\.vscode\extensions\redhat.java-1.28.1-win32-x64\jre\17.0.10-win32-x86_64\bin\jli.dll
0x00007ff9ed8c0000 - 0x00007ff9ed8db000 	c:\Users\rhyth\.vscode\extensions\redhat.java-1.28.1-win32-x64\jre\17.0.10-win32-x86_64\bin\VCRUNTIME140.dll
0x00007ffa05ee0000 - 0x00007ffa0608e000 	C:\WINDOWS\System32\USER32.dll
0x00007ffa04760000 - 0x00007ffa04786000 	C:\WINDOWS\System32\win32u.dll
0x00007ffa05eb0000 - 0x00007ffa05ed9000 	C:\WINDOWS\System32\GDI32.dll
0x00007ffa04340000 - 0x00007ffa04458000 	C:\WINDOWS\System32\gdi32full.dll
0x00007ffa03e30000 - 0x00007ffa03eca000 	C:\WINDOWS\System32\msvcp_win.dll
0x00007ff9dbc40000 - 0x00007ff9dbed3000 	C:\WINDOWS\WinSxS\amd64_microsoft.windows.common-controls_6595b64144ccf1df_6.0.22621.2506_none_270c5ae97388e100\COMCTL32.dll
0x00007ffa064a0000 - 0x00007ffa06547000 	C:\WINDOWS\System32\msvcrt.dll
0x00007ffa06330000 - 0x00007ffa06361000 	C:\WINDOWS\System32\IMM32.DLL
0x00007ff9fbe70000 - 0x00007ff9fbe7c000 	c:\Users\rhyth\.vscode\extensions\redhat.java-1.28.1-win32-x64\jre\17.0.10-win32-x86_64\bin\vcruntime140_1.dll
0x00007ff9d24d0000 - 0x00007ff9d255d000 	c:\Users\rhyth\.vscode\extensions\redhat.java-1.28.1-win32-x64\jre\17.0.10-win32-x86_64\bin\msvcp140.dll
0x00007ff96f150000 - 0x00007ff96fdb2000 	c:\Users\rhyth\.vscode\extensions\redhat.java-1.28.1-win32-x64\jre\17.0.10-win32-x86_64\bin\server\jvm.dll
0x00007ffa06600000 - 0x00007ffa066b3000 	C:\WINDOWS\System32\ADVAPI32.dll
0x00007ffa04d70000 - 0x00007ffa04e18000 	C:\WINDOWS\System32\sechost.dll
0x00007ffa04790000 - 0x00007ffa047b8000 	C:\WINDOWS\System32\bcrypt.dll
0x00007ffa06900000 - 0x00007ffa06a17000 	C:\WINDOWS\System32\RPCRT4.dll
0x00007ffa02cc0000 - 0x00007ffa02d0d000 	C:\WINDOWS\SYSTEM32\POWRPROF.dll
0x00007ff9df4e0000 - 0x00007ff9df4e9000 	C:\WINDOWS\SYSTEM32\WSOCK32.dll
0x00007ffa06090000 - 0x00007ffa06101000 	C:\WINDOWS\System32\WS2_32.dll
0x00007ff9fc370000 - 0x00007ff9fc3a4000 	C:\WINDOWS\SYSTEM32\WINMM.dll
0x00007ff9f6050000 - 0x00007ff9f605a000 	C:\WINDOWS\SYSTEM32\VERSION.dll
0x00007ffa02ca0000 - 0x00007ffa02cb3000 	C:\WINDOWS\SYSTEM32\UMPDC.dll
0x00007ffa02f60000 - 0x00007ffa02f78000 	C:\WINDOWS\SYSTEM32\kernel.appcore.dll
0x00007ff9fbe80000 - 0x00007ff9fbe8a000 	c:\Users\rhyth\.vscode\extensions\redhat.java-1.28.1-win32-x64\jre\17.0.10-win32-x86_64\bin\jimage.dll
0x00007ffa01530000 - 0x00007ffa01763000 	C:\WINDOWS\SYSTEM32\DBGHELP.DLL
0x00007ffa04840000 - 0x00007ffa04bc9000 	C:\WINDOWS\System32\combase.dll
0x00007ffa06820000 - 0x00007ffa068f7000 	C:\WINDOWS\System32\OLEAUT32.dll
0x00007ff9fc330000 - 0x00007ff9fc362000 	C:\WINDOWS\SYSTEM32\dbgcore.DLL
0x00007ffa047c0000 - 0x00007ffa0483a000 	C:\WINDOWS\System32\bcryptPrimitives.dll
0x00007ff9fbdb0000 - 0x00007ff9fbdbe000 	c:\Users\rhyth\.vscode\extensions\redhat.java-1.28.1-win32-x64\jre\17.0.10-win32-x86_64\bin\instrument.dll
0x00007ff9e9ff0000 - 0x00007ff9ea015000 	c:\Users\rhyth\.vscode\extensions\redhat.java-1.28.1-win32-x64\jre\17.0.10-win32-x86_64\bin\java.dll
0x00007ff9ea8d0000 - 0x00007ff9ea8e8000 	c:\Users\rhyth\.vscode\extensions\redhat.java-1.28.1-win32-x64\jre\17.0.10-win32-x86_64\bin\zip.dll
0x00007ffa04fc0000 - 0x00007ffa0581b000 	C:\WINDOWS\System32\SHELL32.dll
0x00007ffa01da0000 - 0x00007ffa02696000 	C:\WINDOWS\SYSTEM32\windows.storage.dll
0x00007ffa01c60000 - 0x00007ffa01d9e000 	C:\WINDOWS\SYSTEM32\wintypes.dll
0x00007ffa04ec0000 - 0x00007ffa04fb3000 	C:\WINDOWS\System32\SHCORE.dll
0x00007ffa06370000 - 0x00007ffa063ce000 	C:\WINDOWS\System32\shlwapi.dll
0x00007ffa03d60000 - 0x00007ffa03d86000 	C:\WINDOWS\SYSTEM32\profapi.dll
0x00007ff9ea2c0000 - 0x00007ff9ea2d9000 	C:\Users\rhyth\.vscode\extensions\redhat.java-1.28.1-win32-x64\jre\17.0.10-win32-x86_64\bin\net.dll
0x00007ff9fa850000 - 0x00007ff9fa987000 	C:\WINDOWS\SYSTEM32\WINHTTP.dll
0x00007ffa033e0000 - 0x00007ffa03449000 	C:\WINDOWS\system32\mswsock.dll
0x00007ff9e9fd0000 - 0x00007ff9e9fe6000 	C:\Users\rhyth\.vscode\extensions\redhat.java-1.28.1-win32-x64\jre\17.0.10-win32-x86_64\bin\nio.dll
0x00007ff9fbd70000 - 0x00007ff9fbd80000 	c:\Users\rhyth\.vscode\extensions\redhat.java-1.28.1-win32-x64\jre\17.0.10-win32-x86_64\bin\verify.dll

dbghelp: loaded successfully - version: 4.0.5 - missing functions: none
symbol engine: initialized successfully - sym options: 0x614 - pdb path: .;c:\Users\rhyth\.vscode\extensions\redhat.java-1.28.1-win32-x64\jre\17.0.10-win32-x86_64\bin;C:\WINDOWS\SYSTEM32;C:\WINDOWS\WinSxS\amd64_microsoft.windows.common-controls_6595b64144ccf1df_6.0.22621.2506_none_270c5ae97388e100;c:\Users\rhyth\.vscode\extensions\redhat.java-1.28.1-win32-x64\jre\17.0.10-win32-x86_64\bin\server

VM Arguments:
jvm_args: --add-modules=ALL-SYSTEM --add-opens=java.base/java.util=ALL-UNNAMED --add-opens=java.base/java.lang=ALL-UNNAMED --add-opens=java.base/sun.nio.fs=ALL-UNNAMED -Declipse.application=org.eclipse.jdt.ls.core.id1 -Dosgi.bundles.defaultStartLevel=4 -Declipse.product=org.eclipse.jdt.ls.core.product -Djava.import.generatesMetadataFilesAtProjectRoot=false -DDetectVMInstallationsJob.disabled=true -Dfile.encoding=utf8 -XX:+UseParallelGC -XX:GCTimeRatio=4 -XX:AdaptiveSizePolicyWeight=90 -Dsun.zip.disableMemoryMapping=true -Xmx1G -Xms100m -Xlog:disable -javaagent:c:\Users\rhyth\.vscode\extensions\redhat.java-1.28.1-win32-x64\lombok\lombok-1.18.31.jar -XX:+HeapDumpOnOutOfMemoryError -XX:HeapDumpPath=c:\Users\rhyth\AppData\Roaming\Code\User\workspaceStorage\dd2a492412ff0276240358daae675832\redhat.java -Daether.dependencyCollector.impl=bf 
java_command: c:\Users\rhyth\.vscode\extensions\redhat.java-1.28.1-win32-x64\server\plugins\org.eclipse.equinox.launcher_1.6.700.v20231214-2017.jar -configuration c:\Users\rhyth\AppData\Roaming\Code\User\globalStorage\redhat.java\1.28.1\config_win -data c:\Users\rhyth\AppData\Roaming\Code\User\workspaceStorage\dd2a492412ff0276240358daae675832\redhat.java\jdt_ws --stdio
java_class_path (initial): c:\Users\rhyth\.vscode\extensions\redhat.java-1.28.1-win32-x64\server\plugins\org.eclipse.equinox.launcher_1.6.700.v20231214-2017.jar
Launcher Type: SUN_STANDARD

[Global flags]
    uintx AdaptiveSizePolicyWeight                 = 90                                        {product} {command line}
     intx CICompilerCount                          = 4                                         {product} {ergonomic}
    uintx GCTimeRatio                              = 4                                         {product} {command line}
     bool HeapDumpOnOutOfMemoryError               = true                                   {manageable} {command line}
    ccstr HeapDumpPath                             = c:\Users\rhyth\AppData\Roaming\Code\User\workspaceStorage\dd2a492412ff0276240358daae675832\redhat.java         {manageable} {command line}
   size_t InitialHeapSize                          = 104857600                                 {product} {command line}
   size_t MaxHeapSize                              = 1073741824                                {product} {command line}
   size_t MaxNewSize                               = 357564416                                 {product} {ergonomic}
   size_t MinHeapDeltaBytes                        = 524288                                    {product} {ergonomic}
   size_t MinHeapSize                              = 104857600                                 {product} {command line}
   size_t NewSize                                  = 34603008                                  {product} {ergonomic}
    uintx NonNMethodCodeHeapSize                   = 5839372                                {pd product} {ergonomic}
    uintx NonProfiledCodeHeapSize                  = 122909434                              {pd product} {ergonomic}
   size_t OldSize                                  = 70254592                                  {product} {ergonomic}
    uintx ProfiledCodeHeapSize                     = 122909434                              {pd product} {ergonomic}
    uintx ReservedCodeCacheSize                    = 251658240                              {pd product} {ergonomic}
     bool SegmentedCodeCache                       = true                                      {product} {ergonomic}
   size_t SoftMaxHeapSize                          = 1073741824                             {manageable} {ergonomic}
     bool UseCompressedClassPointers               = true                           {product lp64_product} {ergonomic}
     bool UseCompressedOops                        = true                           {product lp64_product} {ergonomic}
     bool UseLargePagesIndividualAllocation        = false                                  {pd product} {ergonomic}
     bool UseParallelGC                            = true                                      {product} {command line}

Logging:
Log output configuration:
 #0: stdout all=off uptime,level,tags
 #1: stderr all=off uptime,level,tags

Environment Variables:
JAVA_HOME=C:\Program Files\Java\jdk-18
PATH=C:\Python311\Scripts\;C:\Python311\;C:\MinGW\bin;C:\Program Files\Common Files\Oracle\Java\javapath;C:\Windows\system32;C:\Windows;C:\Windows\System32\Wbem;C:\Windows\System32\WindowsPowerShell\v1.0\;C:\Windows\System32\OpenSSH\;C:\Users\Risheek Ravi\AppData\Roaming\nvm;C:\Program Files\nodejs;C:\Program Files (x86)\NVIDIA Corporation\PhysX\Common;C:\WINDOWS\system32;C:\WINDOWS;C:\WINDOWS\System32\Wbem;C:\WINDOWS\System32\WindowsPowerShell\v1.0\;C:\WINDOWS\System32\OpenSSH\;C:\Program Files\dotnet\;C:\ProgramData\chocolatey\bin;C:\Program Files\NVIDIA Corporation\NVIDIA NvDLISR;C:\Program Files\nodejs\;C:\Program Files\Git\cmd;C:\Program Files (x86)\Windows Kits\10\Windows Performance Toolkit\;C:\Program Files\MySQL\MySQL Shell 8.0\bin\;C:\Users\rhyth\AppData\Local\Microsoft\WindowsApps;C:\Users\rhyth\AppData\Local\Programs\Microsoft VS Code\bin;C:\Users\rhyth\.dotnet\tools;C:\Users\Risheek Ravi\AppData\Local\GitHubDesktop\bin;C:\Users\rhyth\AppData\Roaming\npm
USERNAME=rhyth
OS=Windows_NT
PROCESSOR_IDENTIFIER=Intel64 Family 6 Model 140 Stepping 1, GenuineIntel
TMP=C:\Users\rhyth\AppData\Local\Temp
TEMP=C:\Users\rhyth\AppData\Local\Temp



Periodic native trim disabled


---------------  S Y S T E M  ---------------

OS:
 Windows 11 , 64 bit Build 22621 (10.0.22621.3085)
OS uptime: 2 days 19:50 hours

CPU: total 8 (initial active 8) (4 cores per cpu, 2 threads per core) family 6 model 140 stepping 1 microcode 0xb4, cx8, cmov, fxsr, ht, mmx, 3dnowpref, sse, sse2, sse3, ssse3, sse4.1, sse4.2, popcnt, lzcnt, tsc, tscinvbit, avx, avx2, aes, erms, clmul, bmi1, bmi2, adx, avx512f, avx512dq, avx512cd, avx512bw, avx512vl, sha, fma, vzeroupper, avx512_vpopcntdq, avx512_vpclmulqdq, avx512_vaes, avx512_vnni, clflush, clflushopt, clwb, avx512_vbmi2, avx512_vbmi
Processor Information for all 8 processors :
  Max Mhz: 1382, Current Mhz: 1382, Mhz Limit: 1382

Memory: 4k page, system-wide physical 7914M (300M free)
TotalPageFile size 24298M (AvailPageFile size 2M)
current process WorkingSet (physical memory assigned to process): 79M, peak: 83M
current process commit charge ("private bytes"): 200M, peak: 203M

vm_info: OpenJDK 64-Bit Server VM (17.0.10+7) for windows-amd64 JRE (17.0.10+7), built on Jan 16 2024 23:25:11 by "admin" with MS VC++ 16.10 / 16.11 (VS2019)

END.
